<?xml version="1.0" encoding="UTF-8"?>
<!-- Generated by org.testng.reporters.JUnitReportReporter -->
<testsuite hostname="Rishi-PC" name="E2E.HomePage" tests="2" failures="0" timestamp="6 Sep 2023 09:17:14 GMT" time="59.870" errors="0">
  <testcase name="basePageNavigation" time="30.589" classname="E2E.HomePage"/>
  <testcase name="basePageNavigation" time="29.281" classname="E2E.HomePage"/>
</testsuite> <!-- E2E.HomePage -->
