<?xml version="1.0" encoding="UTF-8"?>
<!-- Generated by org.testng.reporters.JUnitReportReporter -->
<testsuite hostname="Rishi-PC" name="academy.HomePage" tests="2" failures="0" timestamp="11 Sep 2023 16:17:30 GMT" time="75.722" errors="0">
  <testcase name="basePageNavigation" time="45.902" classname="academy.HomePage"/>
  <testcase name="basePageNavigation" time="29.820" classname="academy.HomePage"/>
</testsuite> <!-- academy.HomePage -->
