<?xml version="1.0" encoding="UTF-8"?>
<!-- Generated by org.testng.reporters.JUnitReportReporter -->
<testsuite hostname="Rishi-PC" name="E2E.ValidateTitle" tests="1" failures="0" timestamp="6 Sep 2023 09:17:14 GMT" time="0.002" errors="0">
  <testcase name="basePageNavigation" time="0.002" classname="E2E.ValidateTitle"/>
</testsuite> <!-- E2E.ValidateTitle -->
